<?xml version="1.0" encoding="UTF-8"?>
<!-- Generated by org.testng.reporters.JUnitXMLReporter -->
<testsuite ignored="0" hostname="DESKTOP-8T77MDJ" failures="1" tests="12" name="Command line test" time="26.378" errors="0" timestamp="2024-12-10T13:45:48 IST">
  <testcase classname="testautomationZineUrl.control.TestController" name="VerifyOtp" time="2.201"/>
  <testcase classname="testautomationZineUrl.control.TestController" name="NewUserRegister" time="2.547"/>
  <testcase classname="testautomationZineUrl.control.TestController" name="Login" time="4.521"/>
  <testcase classname="testautomationZineUrl.control.TestController" name="GetUser" time="1.591"/>
  <testcase classname="testautomationZineUrl.control.TestController" name="UpdateUser" time="3.227"/>
  <testcase classname="testautomationZineUrl.control.TestController" name="GetTemplate" time="1.421"/>
  <testcase classname="testautomationZineUrl.control.TestController" name="CreateZine" time="0.967">
    <failure type="java.lang.RuntimeException" message="Critical test &amp;apos;Zine Created Successfully&amp;apos; failed.">
      <![CDATA[java.lang.RuntimeException: Critical test 'Zine Created Successfully' failed.
at testautomationZineUrl.control.TestController.CreateZine(TestController.java:785)
at java.base/java.util.ArrayList.forEach(ArrayList.java:1597)
at testautomationZineUrl.control.TestController.runTests(TestController.java:83)
at org.springframework.web.method.support.InvocableHandlerMethod.doInvoke(InvocableHandlerMethod.java:255)
at org.springframework.web.method.support.InvocableHandlerMethod.invokeForRequest(InvocableHandlerMethod.java:188)
at org.springframework.web.servlet.mvc.method.annotation.ServletInvocableHandlerMethod.invokeAndHandle(ServletInvocableHandlerMethod.java:118)
at org.springframework.web.servlet.mvc.method.annotation.RequestMappingHandlerAdapter.invokeHandlerMethod(RequestMappingHandlerAdapter.java:986)
at org.springframework.web.servlet.mvc.method.annotation.RequestMappingHandlerAdapter.handleInternal(RequestMappingHandlerAdapter.java:891)
at org.springframework.web.servlet.mvc.method.AbstractHandlerMethodAdapter.handle(AbstractHandlerMethodAdapter.java:87)
at org.springframework.web.servlet.DispatcherServlet.doDispatch(DispatcherServlet.java:1088)
at org.springframework.web.servlet.DispatcherServlet.doService(DispatcherServlet.java:978)
at org.springframework.web.servlet.FrameworkServlet.processRequest(FrameworkServlet.java:1014)
at org.springframework.web.servlet.FrameworkServlet.doPost(FrameworkServlet.java:914)
at jakarta.servlet.http.HttpServlet.service(HttpServlet.java:590)
at org.springframework.web.servlet.FrameworkServlet.service(FrameworkServlet.java:885)
at jakarta.servlet.http.HttpServlet.service(HttpServlet.java:658)
at org.apache.catalina.core.ApplicationFilterChain.internalDoFilter(ApplicationFilterChain.java:195)
at org.apache.catalina.core.ApplicationFilterChain.doFilter(ApplicationFilterChain.java:140)
at org.apache.tomcat.websocket.server.WsFilter.doFilter(WsFilter.java:51)
at org.apache.catalina.core.ApplicationFilterChain.internalDoFilter(ApplicationFilterChain.java:164)
at org.apache.catalina.core.ApplicationFilterChain.doFilter(ApplicationFilterChain.java:140)
at org.springframework.web.filter.RequestContextFilter.doFilterInternal(RequestContextFilter.java:100)
at org.springframework.web.filter.OncePerRequestFilter.doFilter(OncePerRequestFilter.java:116)
at org.apache.catalina.core.ApplicationFilterChain.internalDoFilter(ApplicationFilterChain.java:164)
at org.apache.catalina.core.ApplicationFilterChain.doFilter(ApplicationFilterChain.java:140)
at org.springframework.web.filter.FormContentFilter.doFilterInternal(FormContentFilter.java:93)
at org.springframework.web.filter.OncePerRequestFilter.doFilter(OncePerRequestFilter.java:116)
at org.apache.catalina.core.ApplicationFilterChain.internalDoFilter(ApplicationFilterChain.java:164)
at org.apache.catalina.core.ApplicationFilterChain.doFilter(ApplicationFilterChain.java:140)
at org.springframework.web.filter.CharacterEncodingFilter.doFilterInternal(CharacterEncodingFilter.java:201)
at org.springframework.web.filter.OncePerRequestFilter.doFilter(OncePerRequestFilter.java:116)
at org.apache.catalina.core.ApplicationFilterChain.internalDoFilter(ApplicationFilterChain.java:164)
at org.apache.catalina.core.ApplicationFilterChain.doFilter(ApplicationFilterChain.java:140)
at org.apache.catalina.core.StandardWrapperValve.invoke(StandardWrapperValve.java:167)
at org.apache.catalina.core.StandardContextValve.invoke(StandardContextValve.java:90)
at org.apache.catalina.authenticator.AuthenticatorBase.invoke(AuthenticatorBase.java:483)
at org.apache.catalina.core.StandardHostValve.invoke(StandardHostValve.java:115)
at org.apache.catalina.valves.ErrorReportValve.invoke(ErrorReportValve.java:93)
at org.apache.catalina.core.StandardEngineValve.invoke(StandardEngineValve.java:74)
at org.apache.catalina.connector.CoyoteAdapter.service(CoyoteAdapter.java:344)
at org.apache.coyote.http11.Http11Processor.service(Http11Processor.java:397)
at org.apache.coyote.AbstractProcessorLight.process(AbstractProcessorLight.java:63)
at org.apache.coyote.AbstractProtocol$ConnectionHandler.process(AbstractProtocol.java:905)
at org.apache.tomcat.util.net.NioEndpoint$SocketProcessor.doRun(NioEndpoint.java:1741)
at org.apache.tomcat.util.net.SocketProcessorBase.run(SocketProcessorBase.java:52)
at org.apache.tomcat.util.threads.ThreadPoolExecutor.runWorker(ThreadPoolExecutor.java:1190)
at org.apache.tomcat.util.threads.ThreadPoolExecutor$Worker.run(ThreadPoolExecutor.java:659)
at org.apache.tomcat.util.threads.TaskThread$WrappingRunnable.run(TaskThread.java:63)
at java.base/java.lang.Thread.run(Thread.java:1570)
... Removed 24 stack frames]]>
    </failure>
  </testcase> <!-- CreateZine -->
  <testcase classname="testautomationZineUrl.control.TestController" name="GetCompleteZine" time="3.57"/>
  <testcase classname="testautomationZineUrl.control.TestController" name="GetAllSqlZine" time="0.709"/>
  <testcase classname="testautomationZineUrl.control.TestController" name="GetOthersZine" time="2.888"/>
  <testcase classname="testautomationZineUrl.control.TestController" name="FetchOwnZine" time="2.71"/>
  <testcase classname="testautomationZineUrl.control.TestController" name="printAllRecords" time="0.016"/>
</testsuite> <!-- Command line test -->
